Determining if the pthread_create exist failed with the following output:
Change Dir: /home/rahul/git/verified_network/patricia-merkle-trie/CMakeFiles/CMakeTmp

Run Build Command:"/usr/bin/make" "cmTC_c833b/fast"
/usr/bin/make -f CMakeFiles/cmTC_c833b.dir/build.make CMakeFiles/cmTC_c833b.dir/build
make[1]: Entering directory '/home/rahul/git/verified_network/patricia-merkle-trie/CMakeFiles/CMakeTmp'
Building C object CMakeFiles/cmTC_c833b.dir/CheckSymbolExists.c.o
/usr/bin/cc    -o CMakeFiles/cmTC_c833b.dir/CheckSymbolExists.c.o   -c /home/rahul/git/verified_network/patricia-merkle-trie/CMakeFiles/CMakeTmp/CheckSymbolExists.c
Linking C executable cmTC_c833b
/usr/bin/cmake -E cmake_link_script CMakeFiles/cmTC_c833b.dir/link.txt --verbose=1
/usr/bin/cc      -rdynamic CMakeFiles/cmTC_c833b.dir/CheckSymbolExists.c.o  -o cmTC_c833b 
CMakeFiles/cmTC_c833b.dir/CheckSymbolExists.c.o: In function `main':
CheckSymbolExists.c:(.text+0x1b): undefined reference to `pthread_create'
collect2: error: ld returned 1 exit status
CMakeFiles/cmTC_c833b.dir/build.make:97: recipe for target 'cmTC_c833b' failed
make[1]: *** [cmTC_c833b] Error 1
make[1]: Leaving directory '/home/rahul/git/verified_network/patricia-merkle-trie/CMakeFiles/CMakeTmp'
Makefile:126: recipe for target 'cmTC_c833b/fast' failed
make: *** [cmTC_c833b/fast] Error 2

File /home/rahul/git/verified_network/patricia-merkle-trie/CMakeFiles/CMakeTmp/CheckSymbolExists.c:
/* */
#include <pthread.h>

int main(int argc, char** argv)
{
  (void)argv;
#ifndef pthread_create
  return ((int*)(&pthread_create))[argc];
#else
  (void)argc;
  return 0;
#endif
}

Determining if the function pthread_create exists in the pthreads failed with the following output:
Change Dir: /home/rahul/git/verified_network/patricia-merkle-trie/CMakeFiles/CMakeTmp

Run Build Command:"/usr/bin/make" "cmTC_f90d9/fast"
/usr/bin/make -f CMakeFiles/cmTC_f90d9.dir/build.make CMakeFiles/cmTC_f90d9.dir/build
make[1]: Entering directory '/home/rahul/git/verified_network/patricia-merkle-trie/CMakeFiles/CMakeTmp'
Building C object CMakeFiles/cmTC_f90d9.dir/CheckFunctionExists.c.o
/usr/bin/cc   -DCHECK_FUNCTION_EXISTS=pthread_create   -o CMakeFiles/cmTC_f90d9.dir/CheckFunctionExists.c.o   -c /usr/share/cmake-3.10/Modules/CheckFunctionExists.c
Linking C executable cmTC_f90d9
/usr/bin/cmake -E cmake_link_script CMakeFiles/cmTC_f90d9.dir/link.txt --verbose=1
/usr/bin/cc  -DCHECK_FUNCTION_EXISTS=pthread_create    -rdynamic CMakeFiles/cmTC_f90d9.dir/CheckFunctionExists.c.o  -o cmTC_f90d9 -lpthreads 
/usr/bin/ld: cannot find -lpthreads
collect2: error: ld returned 1 exit status
CMakeFiles/cmTC_f90d9.dir/build.make:97: recipe for target 'cmTC_f90d9' failed
make[1]: *** [cmTC_f90d9] Error 1
make[1]: Leaving directory '/home/rahul/git/verified_network/patricia-merkle-trie/CMakeFiles/CMakeTmp'
Makefile:126: recipe for target 'cmTC_f90d9/fast' failed
make: *** [cmTC_f90d9/fast] Error 2


